#! /usr/bin/vvp
:ivl_version "11.0 (stable)";
:ivl_delay_selection "TYPICAL";
:vpi_time_precision + 0;
:vpi_module "/usr/lib/x86_64-linux-gnu/ivl/system.vpi";
:vpi_module "/usr/lib/x86_64-linux-gnu/ivl/vhdl_sys.vpi";
:vpi_module "/usr/lib/x86_64-linux-gnu/ivl/vhdl_textio.vpi";
:vpi_module "/usr/lib/x86_64-linux-gnu/ivl/v2005_math.vpi";
:vpi_module "/usr/lib/x86_64-linux-gnu/ivl/va_math.vpi";
S_0x55b0e1aa7d50 .scope module, "arbiter" "arbiter" 2 1;
 .timescale 0 0;
    .port_info 0 /INPUT 1 "clk";
    .port_info 1 /INPUT 1 "rest_n";
    .port_info 2 /INPUT 1 "req_0";
    .port_info 3 /INPUT 1 "req_1";
    .port_info 4 /OUTPUT 1 "sig_0";
    .port_info 5 /OUTPUT 1 "sig_1";
P_0x55b0e1aa9620 .param/l "AGENT_0" 0 2 8, C4<01>;
P_0x55b0e1aa9660 .param/l "AGENT_1" 0 2 8, C4<10>;
P_0x55b0e1aa96a0 .param/l "IDLE" 0 2 8, C4<00>;
o0x7fd354c7d018 .functor BUFZ 1, C4<z>; HiZ drive
v0x55b0e1aa80b0_0 .net "clk", 0 0, o0x7fd354c7d018;  0 drivers
o0x7fd354c7d048 .functor BUFZ 1, C4<z>; HiZ drive
v0x55b0e1af6be0_0 .net "req_0", 0 0, o0x7fd354c7d048;  0 drivers
o0x7fd354c7d078 .functor BUFZ 1, C4<z>; HiZ drive
v0x55b0e1af6ca0_0 .net "req_1", 0 0, o0x7fd354c7d078;  0 drivers
o0x7fd354c7d0a8 .functor BUFZ 1, C4<z>; HiZ drive
v0x55b0e1af6d40_0 .net "rest_n", 0 0, o0x7fd354c7d0a8;  0 drivers
v0x55b0e1af6e00_0 .var "sig_0", 0 0;
v0x55b0e1af6f10_0 .var "sig_1", 0 0;
v0x55b0e1af6fd0_0 .var "state", 1 0;
E_0x55b0e1aa8600 .event posedge, v0x55b0e1aa80b0_0;
E_0x55b0e1acb9b0/0 .event negedge, v0x55b0e1af6d40_0;
E_0x55b0e1acb9b0/1 .event posedge, v0x55b0e1aa80b0_0;
E_0x55b0e1acb9b0 .event/or E_0x55b0e1acb9b0/0, E_0x55b0e1acb9b0/1;
    .scope S_0x55b0e1aa7d50;
T_0 ;
    %wait E_0x55b0e1acb9b0;
    %load/vec4 v0x55b0e1af6d40_0;
    %nor/r;
    %flag_set/vec4 8;
    %jmp/0xz  T_0.0, 8;
    %pushi/vec4 0, 0, 2;
    %assign/vec4 v0x55b0e1af6fd0_0, 0;
    %pushi/vec4 0, 0, 1;
    %assign/vec4 v0x55b0e1af6e00_0, 0;
    %pushi/vec4 0, 0, 1;
    %assign/vec4 v0x55b0e1af6f10_0, 0;
    %jmp T_0.1;
T_0.0 ;
    %load/vec4 v0x55b0e1af6fd0_0;
    %dup/vec4;
    %pushi/vec4 0, 0, 2;
    %cmp/u;
    %jmp/1 T_0.2, 6;
    %dup/vec4;
    %pushi/vec4 1, 0, 2;
    %cmp/u;
    %jmp/1 T_0.3, 6;
    %dup/vec4;
    %pushi/vec4 2, 0, 2;
    %cmp/u;
    %jmp/1 T_0.4, 6;
    %pushi/vec4 0, 0, 2;
    %assign/vec4 v0x55b0e1af6fd0_0, 0;
    %jmp T_0.6;
T_0.2 ;
    %load/vec4 v0x55b0e1af6be0_0;
    %load/vec4 v0x55b0e1af6ca0_0;
    %nor/r;
    %and;
    %flag_set/vec4 8;
    %jmp/0xz  T_0.7, 8;
    %pushi/vec4 1, 0, 2;
    %assign/vec4 v0x55b0e1af6fd0_0, 0;
    %jmp T_0.8;
T_0.7 ;
    %load/vec4 v0x55b0e1af6be0_0;
    %nor/r;
    %load/vec4 v0x55b0e1af6ca0_0;
    %and;
    %flag_set/vec4 8;
    %jmp/0xz  T_0.9, 8;
    %pushi/vec4 2, 0, 2;
    %assign/vec4 v0x55b0e1af6fd0_0, 0;
T_0.9 ;
T_0.8 ;
    %jmp T_0.6;
T_0.3 ;
    %load/vec4 v0x55b0e1af6be0_0;
    %nor/r;
    %flag_set/vec4 8;
    %jmp/0xz  T_0.11, 8;
    %pushi/vec4 0, 0, 2;
    %assign/vec4 v0x55b0e1af6fd0_0, 0;
T_0.11 ;
    %jmp T_0.6;
T_0.4 ;
    %load/vec4 v0x55b0e1af6ca0_0;
    %nor/r;
    %flag_set/vec4 8;
    %jmp/0xz  T_0.13, 8;
    %pushi/vec4 0, 0, 2;
    %assign/vec4 v0x55b0e1af6fd0_0, 0;
T_0.13 ;
    %jmp T_0.6;
T_0.6 ;
    %pop/vec4 1;
T_0.1 ;
    %jmp T_0;
    .thread T_0;
    .scope S_0x55b0e1aa7d50;
T_1 ;
    %wait E_0x55b0e1aa8600;
    %load/vec4 v0x55b0e1af6fd0_0;
    %dup/vec4;
    %pushi/vec4 1, 0, 2;
    %cmp/u;
    %jmp/1 T_1.0, 6;
    %dup/vec4;
    %pushi/vec4 2, 0, 2;
    %cmp/u;
    %jmp/1 T_1.1, 6;
    %pushi/vec4 0, 0, 1;
    %assign/vec4 v0x55b0e1af6e00_0, 0;
    %pushi/vec4 0, 0, 1;
    %assign/vec4 v0x55b0e1af6f10_0, 0;
    %jmp T_1.3;
T_1.0 ;
    %pushi/vec4 1, 0, 1;
    %assign/vec4 v0x55b0e1af6e00_0, 0;
    %pushi/vec4 0, 0, 1;
    %assign/vec4 v0x55b0e1af6f10_0, 0;
    %jmp T_1.3;
T_1.1 ;
    %pushi/vec4 0, 0, 1;
    %assign/vec4 v0x55b0e1af6e00_0, 0;
    %pushi/vec4 1, 0, 1;
    %assign/vec4 v0x55b0e1af6f10_0, 0;
    %jmp T_1.3;
T_1.3 ;
    %pop/vec4 1;
    %jmp T_1;
    .thread T_1;
# The file index is used to find the file name in the following table.
:file_names 3;
    "N/A";
    "<interactive>";
    "arbiter.v";
